2024-07-07 15:27:43,639:INFO:Logging setup complete.
2024-07-07 15:27:45,303:INFO:Successfully fetched the webpage.
2024-07-07 15:27:45,477:INFO:Data extraction complete.
2024-07-07 15:35:08,818:INFO:Logging setup complete.
2024-07-07 15:35:10,970:INFO:Successfully fetched the webpage.
2024-07-07 15:35:11,119:INFO:Data extraction complete.
2024-07-07 15:37:06,184:INFO:Logging setup complete.
2024-07-07 15:37:07,322:INFO:Successfully fetched the webpage.
2024-07-07 15:37:07,439:INFO:Data extraction complete.
2024-07-07 15:43:57,427:INFO:Logging setup complete.
2024-07-07 15:44:01,698:INFO:Successfully fetched the webpage.
2024-07-07 15:44:01,861:INFO:Data extraction complete.
2024-07-07 15:44:03,894:INFO:Logging setup complete.
2024-07-07 15:44:05,327:INFO:Successfully fetched the webpage.
2024-07-07 15:44:05,460:INFO:Data extraction complete.
2024-07-07 15:46:50,640:INFO:Logging setup complete.
2024-07-07 15:46:52,364:INFO:Successfully fetched the webpage.
2024-07-07 15:46:52,510:INFO:Data extraction complete.
2024-07-07 15:49:17,829:INFO:Logging setup complete.
2024-07-07 15:49:19,721:INFO:Successfully fetched the webpage.
2024-07-07 15:49:19,837:INFO:Data extraction complete.
2024-07-07 16:17:40,453:INFO:Logging setup complete.
2024-07-07 16:17:54,604:INFO:Logging setup complete.
2024-07-07 16:18:28,550:INFO:Logging setup complete.
2024-07-07 16:18:34,258:INFO:Logging setup complete.
2024-07-07 16:18:46,420:INFO:Logging setup complete.
2024-07-07 16:19:07,746:INFO:Logging setup complete.
2024-07-07 16:19:14,323:INFO:Logging setup complete.
2024-07-07 16:21:56,279:INFO:Logging setup complete.
2024-07-07 16:22:59,234:INFO:Logging setup complete.
2024-07-07 16:23:00,355:INFO:Successfully fetched the webpage.
2024-07-07 16:23:01,404:INFO:Data extraction complete.
2024-07-07 16:36:26,320:INFO:Logging setup complete.
2024-07-07 16:39:31,436:INFO:Logging setup complete.
2024-07-07 16:39:32,995:INFO:Successfully fetched the webpage.
2024-07-07 16:39:33,961:INFO:Data extraction complete.
2024-07-07 16:40:49,580:INFO:Logging setup complete.
2024-07-07 16:40:50,810:INFO:Successfully fetched the webpage.
2024-07-07 16:40:51,579:INFO:Data extraction complete.
2024-07-07 16:47:07,091:INFO:Logging setup complete.
2024-07-07 16:47:09,150:INFO:Successfully fetched the webpage.
2024-07-07 16:47:10,353:INFO:Data extraction complete.
2024-07-07 16:47:10,394:INFO:Data transformation complete.
2024-07-07 16:47:10,410:INFO:Data loaded to CSV file: transformed_banks_data.csv
2024-07-07 16:47:10,450:INFO:Data loaded to SQLite database.
2024-07-07 16:47:10,457:INFO:Queries executed successfully.
2024-07-11 12:33:09,703:INFO:Logging setup complete.
2024-07-11 12:33:12,344:INFO:Successfully fetched the webpage.
2024-07-11 12:33:13,344:INFO:Data extraction complete.
2024-07-11 12:35:19,576:INFO:Logging setup complete.
2024-07-11 12:35:21,439:INFO:Successfully fetched the webpage.
2024-07-11 12:35:22,532:INFO:Data extraction complete.
2024-07-11 12:37:31,902:INFO:Logging setup complete.
2024-07-11 12:37:33,442:INFO:Successfully fetched the webpage.
2024-07-11 12:37:34,458:INFO:Data extraction complete.
2024-07-11 12:57:57,448:INFO:Logging setup complete.
2024-07-11 12:57:59,600:INFO:Successfully fetched the webpage.
2024-07-11 12:58:00,602:INFO:Data extraction complete.
2024-07-11 13:02:32,733:INFO:Logging setup complete.
2024-07-11 13:02:47,812:INFO:Successfully fetched the webpage.
2024-07-11 13:02:48,728:INFO:Data extraction complete.
2024-07-11 13:06:06,650:INFO:Logging setup complete.
2024-07-11 13:06:11,021:INFO:Successfully fetched the webpage.
2024-07-11 13:06:12,027:INFO:Data extraction complete.
2024-07-11 13:06:12,054:INFO:Data transformation complete.
2024-07-11 13:06:12,061:INFO:Data loaded to CSV file: transformed_banks_data.csv
2024-07-11 13:19:26,675:INFO:Logging setup complete.
2024-07-11 13:19:28,904:INFO:Successfully fetched the webpage.
2024-07-11 13:19:30,097:INFO:Data extraction complete.
2024-07-11 13:19:30,138:INFO:Data transformation complete.
2024-07-11 13:19:30,154:INFO:Data loaded to CSV file: transformed_banks_data.csv
2024-07-11 13:28:44,736:INFO:Logging setup complete.
2024-07-11 13:28:47,514:INFO:Successfully fetched the webpage.
2024-07-11 13:28:48,467:INFO:Data extraction complete.
2024-07-11 13:28:48,491:INFO:Data transformation complete.
2024-07-11 13:28:48,496:INFO:Data loaded to CSV file: transformed_banks_data.csv
2024-07-11 13:28:48,532:INFO:Data loaded to SQLite database.
2024-07-11 13:28:48,538:INFO:Queries executed successfully.
2024-07-11 13:45:20,646:INFO:Logging setup complete.
2024-07-11 13:45:22,769:INFO:Successfully fetched the webpage.
2024-07-11 13:45:22,894:INFO:Data extraction complete.
2024-07-11 13:45:22,910:INFO:Data transformation complete.
2024-07-11 13:45:22,925:INFO:Data loaded to CSV file: transformed_banks_data.csv
2024-07-11 13:45:50,062:INFO:Logging setup complete.
2024-07-11 13:45:51,497:INFO:Successfully fetched the webpage.
2024-07-11 13:45:51,631:INFO:Data extraction complete.
2024-07-11 13:45:51,646:INFO:Data transformation complete.
2024-07-11 13:45:51,662:INFO:Data loaded to CSV file: transformed_banks_data.csv
2024-07-11 13:45:51,693:INFO:Data loaded to SQLite database.
2024-07-11 13:45:51,693:INFO:Queries executed successfully.
2024-07-11 14:01:18,507:INFO:Logging setup complete.
2024-07-11 14:01:21,094:INFO:Successfully fetched the webpage.
2024-07-11 14:01:21,233:INFO:Data extraction complete.
2024-07-11 14:01:21,252:INFO:Data transformation complete.
2024-07-11 14:01:21,252:INFO:Data loaded to CSV file: transformed_banks_data.csv
2024-07-11 14:01:21,283:INFO:Data loaded to SQLite database.
2024-07-11 14:01:21,283:INFO:Queries executed successfully.
2024-07-11 14:17:11,957:INFO:Logging setup complete.
2024-07-11 14:17:14,951:INFO:Successfully fetched the webpage.
2024-07-11 14:17:15,060:INFO:Data extraction complete.
2024-07-11 14:17:15,076:INFO:Data transformation complete.
2024-07-11 14:17:15,095:INFO:Data loaded to CSV file: transformed_banks_data.csv
2024-07-11 14:17:15,112:INFO:Data loaded to SQLite database.
2024-07-11 14:17:15,127:INFO:Queries executed successfully.
2024-07-11 14:17:51,581:INFO:Logging setup complete.
2024-07-11 14:18:05,992:INFO:Successfully fetched the webpage.
2024-07-11 14:18:06,132:INFO:Data extraction complete.
2024-07-11 14:18:06,148:INFO:Data transformation complete.
2024-07-11 14:18:06,164:INFO:Data loaded to CSV file: transformed_banks_data.csv
2024-07-11 14:18:06,195:INFO:Data loaded to SQLite database.
2024-07-11 14:18:06,195:INFO:Queries executed successfully.
2024-07-11 14:18:17,973:INFO:Logging setup complete.
2024-07-11 14:18:27,436:INFO:Successfully fetched the webpage.
2024-07-11 14:18:27,576:INFO:Data extraction complete.
2024-07-11 14:18:27,607:INFO:Data transformation complete.
2024-07-11 14:18:27,607:INFO:Data loaded to CSV file: transformed_banks_data.csv
2024-07-11 14:18:27,638:INFO:Data loaded to SQLite database.
2024-07-11 14:18:27,638:INFO:Queries executed successfully.
2024-07-11 14:18:39,308:INFO:Logging setup complete.
2024-07-11 14:18:41,943:INFO:Successfully fetched the webpage.
2024-07-11 14:18:42,084:INFO:Data extraction complete.
2024-07-11 14:18:42,115:INFO:Data transformation complete.
2024-07-11 14:18:42,115:INFO:Data loaded to CSV file: transformed_banks_data.csv
2024-07-11 14:18:42,146:INFO:Data loaded to SQLite database.
2024-07-11 14:18:42,146:INFO:Queries executed successfully.
2024-07-11 14:18:52,931:INFO:Logging setup complete.
2024-07-11 14:18:55,650:INFO:Successfully fetched the webpage.
2024-07-11 14:18:55,822:INFO:Data extraction complete.
2024-07-11 14:18:55,853:INFO:Data transformation complete.
2024-07-11 14:18:55,853:INFO:Data loaded to CSV file: transformed_banks_data.csv
2024-07-11 14:18:55,885:INFO:Data loaded to SQLite database.
2024-07-11 14:18:55,885:INFO:Queries executed successfully.
2024-07-11 14:19:10,053:INFO:Logging setup complete.
2024-07-11 14:19:14,131:INFO:Successfully fetched the webpage.
2024-07-11 14:19:14,302:INFO:Data extraction complete.
2024-07-11 14:19:14,334:INFO:Data transformation complete.
2024-07-11 14:19:14,341:INFO:Data loaded to CSV file: transformed_banks_data.csv
2024-07-11 14:19:14,385:INFO:Data loaded to SQLite database.
2024-07-11 14:19:14,390:INFO:Queries executed successfully.
2024-07-11 14:19:24,793:INFO:Logging setup complete.
2024-07-11 14:19:26,621:INFO:Successfully fetched the webpage.
2024-07-11 14:19:26,746:INFO:Data extraction complete.
2024-07-11 14:19:26,777:INFO:Data transformation complete.
2024-07-11 14:19:26,777:INFO:Data loaded to CSV file: transformed_banks_data.csv
2024-07-11 14:19:26,824:INFO:Data loaded to SQLite database.
2024-07-11 14:19:26,824:INFO:Queries executed successfully.
2024-07-11 14:19:39,285:INFO:Logging setup complete.
2024-07-11 14:20:03,278:INFO:Logging setup complete.
2024-07-11 14:20:09,887:INFO:Successfully fetched the webpage.
2024-07-11 14:20:10,012:INFO:Data extraction complete.
2024-07-11 14:20:10,027:INFO:Data transformation complete.
2024-07-11 14:20:10,043:INFO:Data loaded to CSV file: transformed_banks_data.csv
2024-07-11 14:20:10,074:INFO:Data loaded to SQLite database.
2024-07-11 14:20:10,074:INFO:Queries executed successfully.
2024-07-11 14:20:20,893:INFO:Logging setup complete.
2024-07-11 14:20:23,549:INFO:Successfully fetched the webpage.
2024-07-11 14:20:23,674:INFO:Data extraction complete.
2024-07-11 14:20:23,690:INFO:Data transformation complete.
2024-07-11 14:20:23,690:INFO:Data loaded to CSV file: transformed_banks_data.csv
2024-07-11 14:20:23,721:INFO:Data loaded to SQLite database.
2024-07-11 14:20:23,736:INFO:Queries executed successfully.
2024-07-11 14:20:33,681:INFO:Logging setup complete.
2024-07-11 14:20:35,181:INFO:Successfully fetched the webpage.
2024-07-11 14:20:35,315:INFO:Data extraction complete.
2024-07-11 14:20:35,331:INFO:Data transformation complete.
2024-07-11 14:20:35,331:INFO:Data loaded to CSV file: transformed_banks_data.csv
2024-07-11 14:20:35,378:INFO:Data loaded to SQLite database.
2024-07-11 14:20:35,378:INFO:Queries executed successfully.
2024-07-11 14:20:45,563:INFO:Logging setup complete.
2024-07-11 14:20:47,938:INFO:Successfully fetched the webpage.
2024-07-11 14:20:48,048:INFO:Data extraction complete.
2024-07-11 14:20:48,063:INFO:Data transformation complete.
2024-07-11 14:20:48,079:INFO:Data loaded to CSV file: transformed_banks_data.csv
2024-07-11 14:20:48,110:INFO:Data loaded to SQLite database.
2024-07-11 14:20:48,110:INFO:Queries executed successfully.
2024-07-11 14:21:01,896:INFO:Logging setup complete.
2024-07-11 14:21:06,026:INFO:Successfully fetched the webpage.
2024-07-11 14:21:06,198:INFO:Data extraction complete.
2024-07-11 14:21:06,229:INFO:Data transformation complete.
2024-07-11 14:21:06,229:INFO:Data loaded to CSV file: transformed_banks_data.csv
2024-07-11 14:21:06,276:INFO:Data loaded to SQLite database.
2024-07-11 14:21:06,276:INFO:Queries executed successfully.
2024-07-11 14:22:01,500:INFO:Logging setup complete.
2024-07-11 14:22:02,953:INFO:Successfully fetched the webpage.
2024-07-11 14:22:03,109:INFO:Data extraction complete.
2024-07-11 14:22:03,125:INFO:Data transformation complete.
2024-07-11 14:22:03,125:INFO:Data loaded to CSV file: transformed_banks_data.csv
2024-07-11 14:22:03,171:INFO:Data loaded to SQLite database.
2024-07-11 14:22:03,171:INFO:Queries executed successfully.
2024-07-11 14:22:16,987:INFO:Logging setup complete.
2024-07-11 14:22:23,049:INFO:Successfully fetched the webpage.
2024-07-11 14:22:23,174:INFO:Data extraction complete.
2024-07-11 14:22:23,206:INFO:Data transformation complete.
2024-07-11 14:22:23,206:INFO:Data loaded to CSV file: transformed_banks_data.csv
2024-07-11 14:22:23,237:INFO:Data loaded to SQLite database.
2024-07-11 14:22:23,237:INFO:Queries executed successfully.
